{"C:\\Users\\HP\\Desktop\\API\\api-calculo-tributario\\app.js": {"path":"C:\\Users\\HP\\Desktop\\API\\api-calculo-tributario\\app.js","statementMap":{"0":{"start":{"line":1,"column":16},"end":{"line":1,"column":34}},"1":{"start":{"line":2,"column":13},"end":{"line":2,"column":28}},"2":{"start":{"line":3,"column":0},"end":{"line":3,"column":27}},"3":{"start":{"line":5,"column":22},"end":{"line":5,"column":55}},"4":{"start":{"line":7,"column":12},"end":{"line":7,"column":21}},"5":{"start":{"line":8,"column":13},"end":{"line":8,"column":28}},"6":{"start":{"line":10,"column":0},"end":{"line":10,"column":16}},"7":{"start":{"line":11,"column":0},"end":{"line":11,"column":24}},"8":{"start":{"line":14,"column":0},"end":{"line":14,"column":58}},"9":{"start":{"line":17,"column":0},"end":{"line":19,"column":3}},"10":{"start":{"line":18,"column":2},"end":{"line":18,"column":63}},"11":{"start":{"line":21,"column":0},"end":{"line":21,"column":39}},"12":{"start":{"line":23,"column":0},"end":{"line":23,"column":21}}},"fnMap":{"0":{"name":"(anonymous_0)","decl":{"start":{"line":17,"column":13},"end":{"line":17,"column":14}},"loc":{"start":{"line":17,"column":27},"end":{"line":19,"column":1}},"line":17}},"branchMap":{},"s":{"0":1,"1":1,"2":1,"3":1,"4":1,"5":1,"6":1,"7":1,"8":1,"9":1,"10":0,"11":1,"12":1},"f":{"0":0},"b":{},"_coverageSchema":"1a1c01bbd47fc00a2c39e90264f33305004495a9","hash":"c3887462c9a33e9c7cac3cfbca37f9ffa26e43bc"}
,"C:\\Users\\HP\\Desktop\\API\\api-calculo-tributario\\controllers\\calculoController.js": {"path":"C:\\Users\\HP\\Desktop\\API\\api-calculo-tributario\\controllers\\calculoController.js","statementMap":{"0":{"start":{"line":1,"column":20},"end":{"line":1,"column":54}},"1":{"start":{"line":2,"column":19},"end":{"line":2,"column":52}},"2":{"start":{"line":3,"column":25},"end":{"line":3,"column":64}},"3":{"start":{"line":4,"column":32},"end":{"line":4,"column":60}},"4":{"start":{"line":7,"column":4},"end":{"line":47,"column":5}},"5":{"start":{"line":8,"column":22},"end":{"line":8,"column":30}},"6":{"start":{"line":9,"column":85},"end":{"line":9,"column":90}},"7":{"start":{"line":12,"column":24},"end":{"line":12,"column":48}},"8":{"start":{"line":15,"column":21},"end":{"line":20,"column":10}},"9":{"start":{"line":22,"column":20},"end":{"line":25,"column":10}},"10":{"start":{"line":27,"column":26},"end":{"line":32,"column":10}},"11":{"start":{"line":34,"column":26},"end":{"line":41,"column":9}},"12":{"start":{"line":43,"column":8},"end":{"line":43,"column":28}},"13":{"start":{"line":46,"column":8},"end":{"line":46,"column":54}},"14":{"start":{"line":50,"column":0},"end":{"line":50,"column":38}}},"fnMap":{"0":{"name":"calcularImpostos","decl":{"start":{"line":6,"column":15},"end":{"line":6,"column":31}},"loc":{"start":{"line":6,"column":42},"end":{"line":48,"column":1}},"line":6}},"branchMap":{},"s":{"0":1,"1":1,"2":1,"3":1,"4":3,"5":3,"6":3,"7":3,"8":0,"9":0,"10":0,"11":0,"12":0,"13":3,"14":1},"f":{"0":3},"b":{},"_coverageSchema":"1a1c01bbd47fc00a2c39e90264f33305004495a9","hash":"6488bab06ff0b792bbe0869d7336c253c3431726"}
,"C:\\Users\\HP\\Desktop\\API\\api-calculo-tributario\\routes\\calculoRoutes.js": {"path":"C:\\Users\\HP\\Desktop\\API\\api-calculo-tributario\\routes\\calculoRoutes.js","statementMap":{"0":{"start":{"line":1,"column":16},"end":{"line":1,"column":34}},"1":{"start":{"line":2,"column":15},"end":{"line":2,"column":31}},"2":{"start":{"line":3,"column":29},"end":{"line":3,"column":72}},"3":{"start":{"line":4,"column":49},"end":{"line":4,"column":77}},"4":{"start":{"line":7,"column":0},"end":{"line":14,"column":3}},"5":{"start":{"line":8,"column":2},"end":{"line":13,"column":3}},"6":{"start":{"line":9,"column":17},"end":{"line":9,"column":34}},"7":{"start":{"line":10,"column":4},"end":{"line":10,"column":19}},"8":{"start":{"line":12,"column":4},"end":{"line":12,"column":50}},"9":{"start":{"line":17,"column":0},"end":{"line":24,"column":3}},"10":{"start":{"line":18,"column":2},"end":{"line":23,"column":3}},"11":{"start":{"line":19,"column":20},"end":{"line":19,"column":55}},"12":{"start":{"line":20,"column":4},"end":{"line":20,"column":22}},"13":{"start":{"line":22,"column":4},"end":{"line":22,"column":50}},"14":{"start":{"line":26,"column":0},"end":{"line":26,"column":35}},"15":{"start":{"line":28,"column":0},"end":{"line":28,"column":24}}},"fnMap":{"0":{"name":"(anonymous_0)","decl":{"start":{"line":7,"column":20},"end":{"line":7,"column":21}},"loc":{"start":{"line":7,"column":34},"end":{"line":14,"column":1}},"line":7},"1":{"name":"(anonymous_1)","decl":{"start":{"line":17,"column":24},"end":{"line":17,"column":25}},"loc":{"start":{"line":17,"column":38},"end":{"line":24,"column":1}},"line":17}},"branchMap":{},"s":{"0":1,"1":1,"2":1,"3":1,"4":1,"5":0,"6":0,"7":0,"8":0,"9":1,"10":0,"11":0,"12":0,"13":0,"14":1,"15":1},"f":{"0":0,"1":0},"b":{},"_coverageSchema":"1a1c01bbd47fc00a2c39e90264f33305004495a9","hash":"6f032cbe4dff24c167245eae91de405ed0bc1081"}
,"C:\\Users\\HP\\Desktop\\API\\api-calculo-tributario\\services\\icmsService.js": {"path":"C:\\Users\\HP\\Desktop\\API\\api-calculo-tributario\\services\\icmsService.js","statementMap":{"0":{"start":{"line":2,"column":68},"end":{"line":2,"column":73}},"1":{"start":{"line":5,"column":24},"end":{"line":5,"column":64}},"2":{"start":{"line":7,"column":4},"end":{"line":9,"column":5}},"3":{"start":{"line":8,"column":8},"end":{"line":8,"column":29}},"4":{"start":{"line":11,"column":24},"end":{"line":11,"column":36}},"5":{"start":{"line":12,"column":18},"end":{"line":12,"column":45}},"6":{"start":{"line":14,"column":4},"end":{"line":18,"column":6}},"7":{"start":{"line":21,"column":0},"end":{"line":21,"column":34}}},"fnMap":{"0":{"name":"calcularICMS","decl":{"start":{"line":1,"column":9},"end":{"line":1,"column":21}},"loc":{"start":{"line":1,"column":29},"end":{"line":19,"column":1}},"line":1}},"branchMap":{"0":{"loc":{"start":{"line":5,"column":24},"end":{"line":5,"column":64}},"type":"cond-expr","locations":[{"start":{"line":5,"column":49},"end":{"line":5,"column":57}},{"start":{"line":5,"column":60},"end":{"line":5,"column":64}}],"line":5},"1":{"loc":{"start":{"line":7,"column":4},"end":{"line":9,"column":5}},"type":"if","locations":[{"start":{"line":7,"column":4},"end":{"line":9,"column":5}},{"start":{},"end":{}}],"line":7},"2":{"loc":{"start":{"line":7,"column":8},"end":{"line":7,"column":64}},"type":"binary-expr","locations":[{"start":{"line":7,"column":8},"end":{"line":7,"column":38}},{"start":{"line":7,"column":42},"end":{"line":7,"column":64}}],"line":7}},"s":{"0":0,"1":0,"2":0,"3":0,"4":0,"5":0,"6":0,"7":1},"f":{"0":0},"b":{"0":[0,0],"1":[0,0],"2":[0,0]},"_coverageSchema":"1a1c01bbd47fc00a2c39e90264f33305004495a9","hash":"7639ae31984b6714ecbcf0cbd95ea261af5758f4"}
,"C:\\Users\\HP\\Desktop\\API\\api-calculo-tributario\\services\\ipiService.js": {"path":"C:\\Users\\HP\\Desktop\\API\\api-calculo-tributario\\services\\ipiService.js","statementMap":{"0":{"start":{"line":2,"column":39},"end":{"line":2,"column":44}},"1":{"start":{"line":5,"column":26},"end":{"line":5,"column":66}},"2":{"start":{"line":6,"column":24},"end":{"line":6,"column":36}},"3":{"start":{"line":7,"column":18},"end":{"line":7,"column":45}},"4":{"start":{"line":9,"column":4},"end":{"line":13,"column":6}},"5":{"start":{"line":16,"column":0},"end":{"line":16,"column":33}}},"fnMap":{"0":{"name":"calcularIPI","decl":{"start":{"line":1,"column":9},"end":{"line":1,"column":20}},"loc":{"start":{"line":1,"column":28},"end":{"line":14,"column":1}},"line":1}},"branchMap":{"0":{"loc":{"start":{"line":5,"column":26},"end":{"line":5,"column":66}},"type":"cond-expr","locations":[{"start":{"line":5,"column":51},"end":{"line":5,"column":59}},{"start":{"line":5,"column":62},"end":{"line":5,"column":66}}],"line":5}},"s":{"0":0,"1":0,"2":0,"3":0,"4":0,"5":1},"f":{"0":0},"b":{"0":[0,0]},"_coverageSchema":"1a1c01bbd47fc00a2c39e90264f33305004495a9","hash":"2ed251c65e5e465ab733fa376ca3af2a0ce7cedc"}
,"C:\\Users\\HP\\Desktop\\API\\api-calculo-tributario\\services\\pisCofinsService.js": {"path":"C:\\Users\\HP\\Desktop\\API\\api-calculo-tributario\\services\\pisCofinsService.js","statementMap":{"0":{"start":{"line":1,"column":23},"end":{"line":1,"column":51}},"1":{"start":{"line":4,"column":58},"end":{"line":4,"column":63}},"2":{"start":{"line":7,"column":2},"end":{"line":24,"column":3}},"3":{"start":{"line":8,"column":24},"end":{"line":8,"column":36}},"4":{"start":{"line":9,"column":21},"end":{"line":9,"column":38}},"5":{"start":{"line":10,"column":24},"end":{"line":10,"column":44}},"6":{"start":{"line":12,"column":4},"end":{"line":23,"column":6}},"7":{"start":{"line":27,"column":17},"end":{"line":27,"column":45}},"8":{"start":{"line":29,"column":2},"end":{"line":31,"column":3}},"9":{"start":{"line":30,"column":4},"end":{"line":30,"column":66}},"10":{"start":{"line":33,"column":15},"end":{"line":33,"column":68}},"11":{"start":{"line":34,"column":20},"end":{"line":34,"column":32}},"12":{"start":{"line":35,"column":22},"end":{"line":35,"column":34}},"13":{"start":{"line":37,"column":19},"end":{"line":37,"column":46}},"14":{"start":{"line":38,"column":22},"end":{"line":38,"column":52}},"15":{"start":{"line":40,"column":2},"end":{"line":51,"column":4}},"16":{"start":{"line":54,"column":0},"end":{"line":54,"column":39}}},"fnMap":{"0":{"name":"calcularPisCofins","decl":{"start":{"line":3,"column":9},"end":{"line":3,"column":26}},"loc":{"start":{"line":3,"column":34},"end":{"line":52,"column":1}},"line":3}},"branchMap":{"0":{"loc":{"start":{"line":7,"column":2},"end":{"line":24,"column":3}},"type":"if","locations":[{"start":{"line":7,"column":2},"end":{"line":24,"column":3}},{"start":{},"end":{}}],"line":7},"1":{"loc":{"start":{"line":7,"column":6},"end":{"line":7,"column":47}},"type":"binary-expr","locations":[{"start":{"line":7,"column":6},"end":{"line":7,"column":23}},{"start":{"line":7,"column":27},"end":{"line":7,"column":47}}],"line":7},"2":{"loc":{"start":{"line":29,"column":2},"end":{"line":31,"column":3}},"type":"if","locations":[{"start":{"line":29,"column":2},"end":{"line":31,"column":3}},{"start":{},"end":{}}],"line":29},"3":{"loc":{"start":{"line":33,"column":15},"end":{"line":33,"column":68}},"type":"cond-expr","locations":[{"start":{"line":33,"column":38},"end":{"line":33,"column":53}},{"start":{"line":33,"column":56},"end":{"line":33,"column":68}}],"line":33}},"s":{"0":1,"1":0,"2":0,"3":0,"4":0,"5":0,"6":0,"7":0,"8":0,"9":0,"10":0,"11":0,"12":0,"13":0,"14":0,"15":0,"16":1},"f":{"0":0},"b":{"0":[0,0],"1":[0,0],"2":[0,0],"3":[0,0]},"_coverageSchema":"1a1c01bbd47fc00a2c39e90264f33305004495a9","hash":"6b4840b871302932225fa68321b98f2a88e77bea"}
,"C:\\Users\\HP\\Desktop\\API\\api-calculo-tributario\\utils\\aliquota.js": {"path":"C:\\Users\\HP\\Desktop\\API\\api-calculo-tributario\\utils\\aliquota.js","statementMap":{"0":{"start":{"line":4,"column":19},"end":{"line":25,"column":1}},"1":{"start":{"line":28,"column":20},"end":{"line":33,"column":1}},"2":{"start":{"line":35,"column":0},"end":{"line":38,"column":2}}},"fnMap":{},"branchMap":{},"s":{"0":1,"1":1,"2":1},"f":{},"b":{},"_coverageSchema":"1a1c01bbd47fc00a2c39e90264f33305004495a9","hash":"2e83dd8851f0ead3d22cb8fb029e1ffdb7f18e64"}
,"C:\\Users\\HP\\Desktop\\API\\api-calculo-tributario\\utils\\produtos.js": {"path":"C:\\Users\\HP\\Desktop\\API\\api-calculo-tributario\\utils\\produtos.js","statementMap":{"0":{"start":{"line":2,"column":17},"end":{"line":73,"column":1}},"1":{"start":{"line":77,"column":19},"end":{"line":77,"column":50}},"2":{"start":{"line":79,"column":2},"end":{"line":81,"column":3}},"3":{"start":{"line":80,"column":4},"end":{"line":80,"column":62}},"4":{"start":{"line":83,"column":2},"end":{"line":86,"column":4}},"5":{"start":{"line":90,"column":2},"end":{"line":93,"column":6}},"6":{"start":{"line":90,"column":43},"end":{"line":93,"column":3}},"7":{"start":{"line":96,"column":0},"end":{"line":100,"column":2}}},"fnMap":{"0":{"name":"buscarProdutoPorNCM","decl":{"start":{"line":75,"column":9},"end":{"line":75,"column":28}},"loc":{"start":{"line":75,"column":34},"end":{"line":87,"column":1}},"line":75},"1":{"name":"listarTodosNCMs","decl":{"start":{"line":89,"column":9},"end":{"line":89,"column":24}},"loc":{"start":{"line":89,"column":27},"end":{"line":94,"column":1}},"line":89},"2":{"name":"(anonymous_2)","decl":{"start":{"line":90,"column":35},"end":{"line":90,"column":36}},"loc":{"start":{"line":90,"column":43},"end":{"line":93,"column":3}},"line":90}},"branchMap":{"0":{"loc":{"start":{"line":79,"column":2},"end":{"line":81,"column":3}},"type":"if","locations":[{"start":{"line":79,"column":2},"end":{"line":81,"column":3}},{"start":{},"end":{}}],"line":79}},"s":{"0":1,"1":3,"2":0,"3":0,"4":0,"5":0,"6":0,"7":1},"f":{"0":3,"1":0,"2":0},"b":{"0":[0,0]},"_coverageSchema":"1a1c01bbd47fc00a2c39e90264f33305004495a9","hash":"481bb558cdb6dbfe182fb24620c2892a82eeaa6a"}
}
