TN:
SF:app.js
FN:17,(anonymous_0)
FNF:1
FNH:0
FNDA:0,(anonymous_0)
DA:1,1
DA:2,1
DA:3,1
DA:5,1
DA:7,1
DA:8,1
DA:10,1
DA:11,1
DA:14,1
DA:17,1
DA:18,0
DA:21,1
DA:23,1
LF:13
LH:12
BRF:0
BRH:0
end_of_record
TN:
SF:controllers\calculoController.js
FN:6,calcularImpostos
FNF:1
FNH:1
FNDA:3,calcularImpostos
DA:1,1
DA:2,1
DA:3,1
DA:4,1
DA:7,3
DA:8,3
DA:9,3
DA:12,3
DA:15,0
DA:22,0
DA:27,0
DA:34,0
DA:43,0
DA:46,3
DA:50,1
LF:15
LH:10
BRF:0
BRH:0
end_of_record
TN:
SF:routes\calculoRoutes.js
FN:7,(anonymous_0)
FN:17,(anonymous_1)
FNF:2
FNH:0
FNDA:0,(anonymous_0)
FNDA:0,(anonymous_1)
DA:1,1
DA:2,1
DA:3,1
DA:4,1
DA:7,1
DA:8,0
DA:9,0
DA:10,0
DA:12,0
DA:17,1
DA:18,0
DA:19,0
DA:20,0
DA:22,0
DA:26,1
DA:28,1
LF:16
LH:8
BRF:0
BRH:0
end_of_record
TN:
SF:services\icmsService.js
FN:1,calcularICMS
FNF:1
FNH:0
FNDA:0,calcularICMS
DA:2,0
DA:5,0
DA:7,0
DA:8,0
DA:11,0
DA:12,0
DA:14,0
DA:21,1
LF:8
LH:1
BRDA:5,0,0,0
BRDA:5,0,1,0
BRDA:7,1,0,0
BRDA:7,1,1,0
BRDA:7,2,0,0
BRDA:7,2,1,0
BRF:6
BRH:0
end_of_record
TN:
SF:services\ipiService.js
FN:1,calcularIPI
FNF:1
FNH:0
FNDA:0,calcularIPI
DA:2,0
DA:5,0
DA:6,0
DA:7,0
DA:9,0
DA:16,1
LF:6
LH:1
BRDA:5,0,0,0
BRDA:5,0,1,0
BRF:2
BRH:0
end_of_record
TN:
SF:services\pisCofinsService.js
FN:3,calcularPisCofins
FNF:1
FNH:0
FNDA:0,calcularPisCofins
DA:1,1
DA:4,0
DA:7,0
DA:8,0
DA:9,0
DA:10,0
DA:12,0
DA:27,0
DA:29,0
DA:30,0
DA:33,0
DA:34,0
DA:35,0
DA:37,0
DA:38,0
DA:40,0
DA:54,1
LF:17
LH:2
BRDA:7,0,0,0
BRDA:7,0,1,0
BRDA:7,1,0,0
BRDA:7,1,1,0
BRDA:29,2,0,0
BRDA:29,2,1,0
BRDA:33,3,0,0
BRDA:33,3,1,0
BRF:8
BRH:0
end_of_record
TN:
SF:utils\aliquota.js
FNF:0
FNH:0
DA:4,1
DA:28,1
DA:35,1
LF:3
LH:3
BRF:0
BRH:0
end_of_record
TN:
SF:utils\produtos.js
FN:75,buscarProdutoPorNCM
FN:89,listarTodosNCMs
FN:90,(anonymous_2)
FNF:3
FNH:1
FNDA:3,buscarProdutoPorNCM
FNDA:0,listarTodosNCMs
FNDA:0,(anonymous_2)
DA:2,1
DA:77,3
DA:79,0
DA:80,0
DA:83,0
DA:90,0
DA:96,1
LF:7
LH:3
BRDA:79,0,0,0
BRDA:79,0,1,0
BRF:2
BRH:0
end_of_record
